{"/home/vera/frontend-project-46/__fixtures__/expected.js": {"path":"/home/vera/frontend-project-46/__fixtures__/expected.js","all":false,"statementMap":{"0":{"start":{"line":1,"column":0},"end":{"line":1,"column":22}},"1":{"start":{"line":2,"column":0},"end":{"line":2,"column":3}},"2":{"start":{"line":3,"column":0},"end":{"line":3,"column":17}},"3":{"start":{"line":4,"column":0},"end":{"line":4,"column":19}},"4":{"start":{"line":5,"column":0},"end":{"line":5,"column":24}},"5":{"start":{"line":6,"column":0},"end":{"line":6,"column":15}},"6":{"start":{"line":7,"column":0},"end":{"line":7,"column":15}},"7":{"start":{"line":8,"column":0},"end":{"line":8,"column":17}},"8":{"start":{"line":9,"column":0},"end":{"line":9,"column":3}},"9":{"start":{"line":10,"column":0},"end":{"line":10,"column":0}},"10":{"start":{"line":11,"column":0},"end":{"line":11,"column":30}}},"s":{"0":1,"1":1,"2":1,"3":1,"4":1,"5":1,"6":1,"7":1,"8":1,"9":1,"10":1},"branchMap":{},"b":{},"fnMap":{},"f":{}}
,"/home/vera/frontend-project-46/src/index.js": {"path":"/home/vera/frontend-project-46/src/index.js","all":false,"statementMap":{"0":{"start":{"line":1,"column":0},"end":{"line":1,"column":20}},"1":{"start":{"line":2,"column":0},"end":{"line":2,"column":23}},"2":{"start":{"line":3,"column":0},"end":{"line":3,"column":24}},"3":{"start":{"line":4,"column":0},"end":{"line":4,"column":0}},"4":{"start":{"line":5,"column":0},"end":{"line":5,"column":36}},"5":{"start":{"line":6,"column":0},"end":{"line":6,"column":10}},"6":{"start":{"line":7,"column":0},"end":{"line":7,"column":31}},"7":{"start":{"line":8,"column":0},"end":{"line":8,"column":29}},"8":{"start":{"line":9,"column":0},"end":{"line":9,"column":5}},"9":{"start":{"line":10,"column":0},"end":{"line":10,"column":15}},"10":{"start":{"line":11,"column":0},"end":{"line":11,"column":1}},"11":{"start":{"line":12,"column":0},"end":{"line":12,"column":0}},"12":{"start":{"line":13,"column":0},"end":{"line":13,"column":43}},"13":{"start":{"line":14,"column":0},"end":{"line":14,"column":43}},"14":{"start":{"line":15,"column":0},"end":{"line":15,"column":0}},"15":{"start":{"line":16,"column":0},"end":{"line":16,"column":45}},"16":{"start":{"line":17,"column":0},"end":{"line":17,"column":72}},"17":{"start":{"line":18,"column":0},"end":{"line":18,"column":57}},"18":{"start":{"line":19,"column":0},"end":{"line":19,"column":34}},"19":{"start":{"line":20,"column":0},"end":{"line":20,"column":5}},"20":{"start":{"line":21,"column":0},"end":{"line":21,"column":0}},"21":{"start":{"line":22,"column":0},"end":{"line":22,"column":31}},"22":{"start":{"line":23,"column":0},"end":{"line":23,"column":0}},"23":{"start":{"line":24,"column":0},"end":{"line":24,"column":75}},"24":{"start":{"line":25,"column":0},"end":{"line":25,"column":47}},"25":{"start":{"line":26,"column":0},"end":{"line":26,"column":59}},"26":{"start":{"line":27,"column":0},"end":{"line":27,"column":19}},"27":{"start":{"line":28,"column":0},"end":{"line":28,"column":5}},"28":{"start":{"line":29,"column":0},"end":{"line":29,"column":0}},"29":{"start":{"line":30,"column":0},"end":{"line":30,"column":59}},"30":{"start":{"line":31,"column":0},"end":{"line":31,"column":31}},"31":{"start":{"line":32,"column":0},"end":{"line":32,"column":86}},"32":{"start":{"line":33,"column":0},"end":{"line":33,"column":43}},"33":{"start":{"line":34,"column":0},"end":{"line":34,"column":93}},"34":{"start":{"line":35,"column":0},"end":{"line":35,"column":69}},"35":{"start":{"line":36,"column":0},"end":{"line":36,"column":43}},"36":{"start":{"line":37,"column":0},"end":{"line":37,"column":43}},"37":{"start":{"line":38,"column":0},"end":{"line":38,"column":43}},"38":{"start":{"line":39,"column":0},"end":{"line":39,"column":43}},"39":{"start":{"line":40,"column":0},"end":{"line":40,"column":5}},"40":{"start":{"line":41,"column":0},"end":{"line":41,"column":15}},"41":{"start":{"line":42,"column":0},"end":{"line":42,"column":12}},"42":{"start":{"line":43,"column":0},"end":{"line":43,"column":0}},"43":{"start":{"line":44,"column":0},"end":{"line":44,"column":26}},"44":{"start":{"line":45,"column":0},"end":{"line":45,"column":2}},"45":{"start":{"line":46,"column":0},"end":{"line":46,"column":0}},"46":{"start":{"line":47,"column":0},"end":{"line":47,"column":23}}},"s":{"0":1,"1":1,"2":1,"3":1,"4":1,"5":2,"6":2,"7":2,"8":2,"9":2,"10":2,"11":1,"12":1,"13":1,"14":1,"15":1,"16":2,"17":2,"18":2,"19":1,"20":1,"21":1,"22":1,"23":1,"24":1,"25":1,"26":5,"27":1,"28":1,"29":1,"30":5,"31":5,"32":1,"33":5,"34":1,"35":4,"36":1,"37":3,"38":2,"39":2,"40":5,"41":1,"42":1,"43":1,"44":1,"45":1,"46":1},"branchMap":{"0":{"type":"branch","line":5,"loc":{"start":{"line":5,"column":14},"end":{"line":11,"column":1}},"locations":[{"start":{"line":5,"column":14},"end":{"line":11,"column":1}}]},"1":{"type":"branch","line":13,"loc":{"start":{"line":13,"column":16},"end":{"line":45,"column":2}},"locations":[{"start":{"line":13,"column":16},"end":{"line":45,"column":2}}]},"2":{"type":"branch","line":16,"loc":{"start":{"line":16,"column":32},"end":{"line":20,"column":3}},"locations":[{"start":{"line":16,"column":32},"end":{"line":20,"column":3}}]},"3":{"type":"branch","line":26,"loc":{"start":{"line":26,"column":42},"end":{"line":28,"column":3}},"locations":[{"start":{"line":26,"column":42},"end":{"line":28,"column":3}}]},"4":{"type":"branch","line":30,"loc":{"start":{"line":30,"column":42},"end":{"line":42,"column":3}},"locations":[{"start":{"line":30,"column":42},"end":{"line":42,"column":3}}]},"5":{"type":"branch","line":32,"loc":{"start":{"line":32,"column":32},"end":{"line":32,"column":60}},"locations":[{"start":{"line":32,"column":32},"end":{"line":32,"column":60}}]},"6":{"type":"branch","line":32,"loc":{"start":{"line":32,"column":60},"end":{"line":32,"column":83}},"locations":[{"start":{"line":32,"column":60},"end":{"line":32,"column":83}}]},"7":{"type":"branch","line":32,"loc":{"start":{"line":32,"column":85},"end":{"line":34,"column":5}},"locations":[{"start":{"line":32,"column":85},"end":{"line":34,"column":5}}]},"8":{"type":"branch","line":34,"loc":{"start":{"line":34,"column":5},"end":{"line":40,"column":5}},"locations":[{"start":{"line":34,"column":5},"end":{"line":40,"column":5}}]},"9":{"type":"branch","line":34,"loc":{"start":{"line":34,"column":39},"end":{"line":34,"column":67}},"locations":[{"start":{"line":34,"column":39},"end":{"line":34,"column":67}}]},"10":{"type":"branch","line":34,"loc":{"start":{"line":34,"column":67},"end":{"line":34,"column":90}},"locations":[{"start":{"line":34,"column":67},"end":{"line":34,"column":90}}]},"11":{"type":"branch","line":34,"loc":{"start":{"line":34,"column":92},"end":{"line":36,"column":5}},"locations":[{"start":{"line":34,"column":92},"end":{"line":36,"column":5}}]},"12":{"type":"branch","line":36,"loc":{"start":{"line":36,"column":5},"end":{"line":40,"column":5}},"locations":[{"start":{"line":36,"column":5},"end":{"line":40,"column":5}}]},"13":{"type":"branch","line":36,"loc":{"start":{"line":36,"column":42},"end":{"line":38,"column":5}},"locations":[{"start":{"line":36,"column":42},"end":{"line":38,"column":5}}]},"14":{"type":"branch","line":38,"loc":{"start":{"line":38,"column":5},"end":{"line":40,"column":5}},"locations":[{"start":{"line":38,"column":5},"end":{"line":40,"column":5}}]}},"b":{"0":[2],"1":[1],"2":[2],"3":[5],"4":[5],"5":[4],"6":[2],"7":[1],"8":[4],"9":[3],"10":[1],"11":[1],"12":[3],"13":[1],"14":[2]},"fnMap":{"0":{"name":"parse","decl":{"start":{"line":5,"column":14},"end":{"line":11,"column":1}},"loc":{"start":{"line":5,"column":14},"end":{"line":11,"column":1}},"line":5},"1":{"name":"genDiff","decl":{"start":{"line":13,"column":16},"end":{"line":45,"column":2}},"loc":{"start":{"line":13,"column":16},"end":{"line":45,"column":2}},"line":13}},"f":{"0":2,"1":1}}
}
