TN:
SF:__fixtures__/expected.js
FNF:0
FNH:0
DA:1,1
DA:2,1
DA:3,1
DA:4,1
DA:5,1
DA:6,1
DA:7,1
DA:8,1
DA:9,1
DA:10,1
DA:11,1
LF:11
LH:11
BRF:0
BRH:0
end_of_record
TN:
SF:src/index.js
FN:5,parse
FN:13,genDiff
FNF:2
FNH:2
FNDA:2,parse
FNDA:1,genDiff
DA:1,1
DA:2,1
DA:3,1
DA:4,1
DA:5,1
DA:6,2
DA:7,2
DA:8,2
DA:9,2
DA:10,2
DA:11,2
DA:12,1
DA:13,1
DA:14,1
DA:15,1
DA:16,1
DA:17,2
DA:18,2
DA:19,2
DA:20,1
DA:21,1
DA:22,1
DA:23,1
DA:24,1
DA:25,1
DA:26,1
DA:27,5
DA:28,1
DA:29,1
DA:30,1
DA:31,5
DA:32,5
DA:33,1
DA:34,5
DA:35,1
DA:36,4
DA:37,1
DA:38,3
DA:39,2
DA:40,2
DA:41,5
DA:42,1
DA:43,1
DA:44,1
DA:45,1
DA:46,1
DA:47,1
LF:47
LH:47
BRDA:5,0,0,2
BRDA:13,1,0,1
BRDA:16,2,0,2
BRDA:26,3,0,5
BRDA:30,4,0,5
BRDA:32,5,0,4
BRDA:32,6,0,2
BRDA:32,7,0,1
BRDA:34,8,0,4
BRDA:34,9,0,3
BRDA:34,10,0,1
BRDA:34,11,0,1
BRDA:36,12,0,3
BRDA:36,13,0,1
BRDA:38,14,0,2
BRF:15
BRH:15
end_of_record
